 * Serving Flask app 'app' (lazy loading)
 * Environment: production
   WARNING: This is a development server. Do not use it in a production deployment.
   Use a production WSGI server instead.
 * Debug mode: on
Traceback (most recent call last):
  File "app.py", line 170, in <module>
    app.run(host='0.0.0.0', port=5000, debug=True)  # on RPi it's set by gunicorn, which gets app from wsgi.py
  File "/home/csand/.local/lib/python3.8/site-packages/flask/app.py", line 922, in run
    run_simple(t.cast(str, host), port, self, **options)
  File "/home/csand/.local/lib/python3.8/site-packages/werkzeug/serving.py", line 982, in run_simple
    s.bind(server_address)
OSError: [Errno 98] Address already in use
 * Serving Flask app 'app' (lazy loading)
 * Environment: production
   WARNING: This is a development server. Do not use it in a production deployment.
   Use a production WSGI server instead.
 * Debug mode: on
/home/csand/crypto-bot/src/data_backup.py:8: SyntaxWarning: "is not" with a literal. Did you mean "!="?
  if proc_returncode is not 0:
